2022-08-20 17:47:32.198  INFO 10472 --- [restartedMain] c.m.admin.MshoppersBackendApplication    : Starting MshoppersBackendApplication using Java 17.0.2 on Clinton with PID 10472 (G:\Java\Shopping Website\project\MumbaiShoppers\Mshoppers_WebParent\Mshoppers_Backend\target\classes started by Clinton in G:\Java\Shopping Website\project\MumbaiShoppers\Mshoppers_WebParent\Mshoppers_Backend)
2022-08-20 17:47:32.199  INFO 10472 --- [restartedMain] c.m.admin.MshoppersBackendApplication    : No active profile set, falling back to 1 default profile: "default"
2022-08-20 17:47:32.980  INFO 10472 --- [restartedMain] .s.d.r.c.RepositoryConfigurationDelegate : Bootstrapping Spring Data JPA repositories in DEFAULT mode.
2022-08-20 17:47:33.024  INFO 10472 --- [restartedMain] .s.d.r.c.RepositoryConfigurationDelegate : Finished Spring Data repository scanning in 42 ms. Found 2 JPA repository interfaces.
2022-08-20 17:47:33.476  INFO 10472 --- [restartedMain] o.s.b.w.embedded.tomcat.TomcatWebServer  : Tomcat initialized with port(s): 8080 (http)
2022-08-20 17:47:33.480  INFO 10472 --- [restartedMain] o.apache.catalina.core.StandardService   : Starting service [Tomcat]
2022-08-20 17:47:33.484  INFO 10472 --- [restartedMain] org.apache.catalina.core.StandardEngine  : Starting Servlet engine: [Apache Tomcat/9.0.62]
2022-08-20 17:47:33.653  INFO 10472 --- [restartedMain] o.a.c.c.C.[.[.[/MshoppersAdmin]          : Initializing Spring embedded WebApplicationContext
2022-08-20 17:47:33.654  INFO 10472 --- [restartedMain] w.s.c.ServletWebServerApplicationContext : Root WebApplicationContext: initialization completed in 1445 ms
2022-08-20 17:47:33.783  INFO 10472 --- [restartedMain] o.hibernate.jpa.internal.util.LogHelper  : HHH000204: Processing PersistenceUnitInfo [name: default]
2022-08-20 17:47:33.807  INFO 10472 --- [restartedMain] com.zaxxer.hikari.HikariDataSource       : HikariPool-7 - Starting...
2022-08-20 17:47:33.880  INFO 10472 --- [restartedMain] com.zaxxer.hikari.HikariDataSource       : HikariPool-7 - Start completed.
2022-08-20 17:47:33.882  INFO 10472 --- [restartedMain] org.hibernate.dialect.Dialect            : HHH000400: Using dialect: org.hibernate.dialect.MySQL8Dialect
2022-08-20 17:47:34.322  INFO 10472 --- [restartedMain] o.h.e.t.j.p.i.JtaPlatformInitiator       : HHH000490: Using JtaPlatform implementation: [org.hibernate.engine.transaction.jta.platform.internal.NoJtaPlatform]
2022-08-20 17:47:34.323  INFO 10472 --- [restartedMain] j.LocalContainerEntityManagerFactoryBean : Initialized JPA EntityManagerFactory for persistence unit 'default'
2022-08-20 17:47:34.439  WARN 10472 --- [restartedMain] JpaBaseConfiguration$JpaWebConfiguration : spring.jpa.open-in-view is enabled by default. Therefore, database queries may be performed during view rendering. Explicitly configure spring.jpa.open-in-view to disable this warning
2022-08-20 17:47:35.011  INFO 10472 --- [restartedMain] o.s.b.a.w.s.WelcomePageHandlerMapping    : Adding welcome page template: index
2022-08-20 17:47:36.649  WARN 10472 --- [restartedMain] o.s.s.c.a.web.builders.WebSecurity       : You are asking Spring Security to ignore Ant [pattern='/images/**']. This is not recommended -- please use permitAll via HttpSecurity#authorizeHttpRequests instead.
2022-08-20 17:47:36.649  INFO 10472 --- [restartedMain] o.s.s.web.DefaultSecurityFilterChain     : Will not secure Ant [pattern='/images/**']
2022-08-20 17:47:36.649  WARN 10472 --- [restartedMain] o.s.s.c.a.web.builders.WebSecurity       : You are asking Spring Security to ignore Ant [pattern='/js/**']. This is not recommended -- please use permitAll via HttpSecurity#authorizeHttpRequests instead.
2022-08-20 17:47:36.650  INFO 10472 --- [restartedMain] o.s.s.web.DefaultSecurityFilterChain     : Will not secure Ant [pattern='/js/**']
2022-08-20 17:47:36.650  WARN 10472 --- [restartedMain] o.s.s.c.a.web.builders.WebSecurity       : You are asking Spring Security to ignore Ant [pattern='/webjars/**']. This is not recommended -- please use permitAll via HttpSecurity#authorizeHttpRequests instead.
2022-08-20 17:47:36.650  INFO 10472 --- [restartedMain] o.s.s.web.DefaultSecurityFilterChain     : Will not secure Ant [pattern='/webjars/**']
2022-08-20 17:47:36.650  WARN 10472 --- [restartedMain] o.s.s.c.a.web.builders.WebSecurity       : You are asking Spring Security to ignore Ant [pattern='/fontawesome/**']. This is not recommended -- please use permitAll via HttpSecurity#authorizeHttpRequests instead.
2022-08-20 17:47:36.650  INFO 10472 --- [restartedMain] o.s.s.web.DefaultSecurityFilterChain     : Will not secure Ant [pattern='/fontawesome/**']
2022-08-20 17:47:36.678  INFO 10472 --- [restartedMain] o.s.s.web.DefaultSecurityFilterChain     : Will secure any request with [org.springframework.security.web.context.request.async.WebAsyncManagerIntegrationFilter@2636c6df, org.springframework.security.web.context.SecurityContextPersistenceFilter@397b452, org.springframework.security.web.header.HeaderWriterFilter@4b65e2bb, org.springframework.security.web.csrf.CsrfFilter@4cfd14f1, org.springframework.security.web.authentication.logout.LogoutFilter@40041d6d, org.springframework.security.web.authentication.UsernamePasswordAuthenticationFilter@1ab5f34b, org.springframework.security.web.savedrequest.RequestCacheAwareFilter@76a8fc7d, org.springframework.security.web.servletapi.SecurityContextHolderAwareRequestFilter@123cb829, org.springframework.security.web.authentication.rememberme.RememberMeAuthenticationFilter@5c236290, org.springframework.security.web.authentication.AnonymousAuthenticationFilter@199f6a0d, org.springframework.security.web.session.SessionManagementFilter@27e966c2, org.springframework.security.web.access.ExceptionTranslationFilter@129ceacf, org.springframework.security.web.access.intercept.FilterSecurityInterceptor@2063eeaa]
2022-08-20 17:47:36.710  INFO 10472 --- [restartedMain] o.s.b.d.a.OptionalLiveReloadServer       : LiveReload server is running on port 35729
2022-08-20 17:47:36.756  INFO 10472 --- [restartedMain] o.s.b.w.embedded.tomcat.TomcatWebServer  : Tomcat started on port(s): 8080 (http) with context path '/MshoppersAdmin'
2022-08-20 17:47:36.782  INFO 10472 --- [restartedMain] c.m.admin.MshoppersBackendApplication    : Started MshoppersBackendApplication in 4.76 seconds (JVM running for 4863.731)
2022-08-20 17:47:36.789  INFO 10472 --- [restartedMain] .ConditionEvaluationDeltaLoggingListener : Condition evaluation unchanged
2022-08-20 18:15:52.844  INFO 10472 --- [Thread-27] j.LocalContainerEntityManagerFactoryBean : Closing JPA EntityManagerFactory for persistence unit 'default'
2022-08-20 18:15:52.849  INFO 10472 --- [Thread-27] com.zaxxer.hikari.HikariDataSource       : HikariPool-7 - Shutdown initiated...
2022-08-20 18:15:52.877  INFO 10472 --- [Thread-27] com.zaxxer.hikari.HikariDataSource       : HikariPool-7 - Shutdown completed.
