2022-08-20 18:15:53.401  INFO 10472 --- [restartedMain] c.m.admin.MshoppersBackendApplication    : Starting MshoppersBackendApplication using Java 17.0.2 on Clinton with PID 10472 (G:\Java\Shopping Website\project\MumbaiShoppers\Mshoppers_WebParent\Mshoppers_Backend\target\classes started by Clinton in G:\Java\Shopping Website\project\MumbaiShoppers\Mshoppers_WebParent\Mshoppers_Backend)
2022-08-20 18:15:53.403  INFO 10472 --- [restartedMain] c.m.admin.MshoppersBackendApplication    : No active profile set, falling back to 1 default profile: "default"
2022-08-20 18:15:55.533  INFO 10472 --- [restartedMain] .s.d.r.c.RepositoryConfigurationDelegate : Bootstrapping Spring Data JPA repositories in DEFAULT mode.
2022-08-20 18:15:55.592  INFO 10472 --- [restartedMain] .s.d.r.c.RepositoryConfigurationDelegate : Finished Spring Data repository scanning in 58 ms. Found 2 JPA repository interfaces.
2022-08-20 18:15:56.453  INFO 10472 --- [restartedMain] o.s.b.w.embedded.tomcat.TomcatWebServer  : Tomcat initialized with port(s): 8080 (http)
2022-08-20 18:15:56.459  INFO 10472 --- [restartedMain] o.apache.catalina.core.StandardService   : Starting service [Tomcat]
2022-08-20 18:15:56.460  INFO 10472 --- [restartedMain] org.apache.catalina.core.StandardEngine  : Starting Servlet engine: [Apache Tomcat/9.0.62]
2022-08-20 18:15:56.698  INFO 10472 --- [restartedMain] o.a.c.c.C.[.[.[/MshoppersAdmin]          : Initializing Spring embedded WebApplicationContext
2022-08-20 18:15:56.698  INFO 10472 --- [restartedMain] w.s.c.ServletWebServerApplicationContext : Root WebApplicationContext: initialization completed in 3270 ms
2022-08-20 18:15:56.947  INFO 10472 --- [restartedMain] o.hibernate.jpa.internal.util.LogHelper  : HHH000204: Processing PersistenceUnitInfo [name: default]
2022-08-20 18:15:56.986  INFO 10472 --- [restartedMain] com.zaxxer.hikari.HikariDataSource       : HikariPool-8 - Starting...
2022-08-20 18:15:57.068  INFO 10472 --- [restartedMain] com.zaxxer.hikari.HikariDataSource       : HikariPool-8 - Start completed.
2022-08-20 18:15:57.069  INFO 10472 --- [restartedMain] org.hibernate.dialect.Dialect            : HHH000400: Using dialect: org.hibernate.dialect.MySQL8Dialect
2022-08-20 18:15:57.553  INFO 10472 --- [restartedMain] o.h.e.t.j.p.i.JtaPlatformInitiator       : HHH000490: Using JtaPlatform implementation: [org.hibernate.engine.transaction.jta.platform.internal.NoJtaPlatform]
2022-08-20 18:15:57.554  INFO 10472 --- [restartedMain] j.LocalContainerEntityManagerFactoryBean : Initialized JPA EntityManagerFactory for persistence unit 'default'
2022-08-20 18:15:57.953  WARN 10472 --- [restartedMain] JpaBaseConfiguration$JpaWebConfiguration : spring.jpa.open-in-view is enabled by default. Therefore, database queries may be performed during view rendering. Explicitly configure spring.jpa.open-in-view to disable this warning
2022-08-20 18:15:59.020  INFO 10472 --- [restartedMain] o.s.b.a.w.s.WelcomePageHandlerMapping    : Adding welcome page template: index
2022-08-20 18:16:01.237  WARN 10472 --- [restartedMain] o.s.s.c.a.web.builders.WebSecurity       : You are asking Spring Security to ignore Ant [pattern='/images/**']. This is not recommended -- please use permitAll via HttpSecurity#authorizeHttpRequests instead.
2022-08-20 18:16:01.238  INFO 10472 --- [restartedMain] o.s.s.web.DefaultSecurityFilterChain     : Will not secure Ant [pattern='/images/**']
2022-08-20 18:16:01.238  WARN 10472 --- [restartedMain] o.s.s.c.a.web.builders.WebSecurity       : You are asking Spring Security to ignore Ant [pattern='/js/**']. This is not recommended -- please use permitAll via HttpSecurity#authorizeHttpRequests instead.
2022-08-20 18:16:01.238  INFO 10472 --- [restartedMain] o.s.s.web.DefaultSecurityFilterChain     : Will not secure Ant [pattern='/js/**']
2022-08-20 18:16:01.238  WARN 10472 --- [restartedMain] o.s.s.c.a.web.builders.WebSecurity       : You are asking Spring Security to ignore Ant [pattern='/webjars/**']. This is not recommended -- please use permitAll via HttpSecurity#authorizeHttpRequests instead.
2022-08-20 18:16:01.238  INFO 10472 --- [restartedMain] o.s.s.web.DefaultSecurityFilterChain     : Will not secure Ant [pattern='/webjars/**']
2022-08-20 18:16:01.238  WARN 10472 --- [restartedMain] o.s.s.c.a.web.builders.WebSecurity       : You are asking Spring Security to ignore Ant [pattern='/fontawesome/**']. This is not recommended -- please use permitAll via HttpSecurity#authorizeHttpRequests instead.
2022-08-20 18:16:01.239  INFO 10472 --- [restartedMain] o.s.s.web.DefaultSecurityFilterChain     : Will not secure Ant [pattern='/fontawesome/**']
2022-08-20 18:16:01.313  INFO 10472 --- [restartedMain] o.s.s.web.DefaultSecurityFilterChain     : Will secure any request with [org.springframework.security.web.context.request.async.WebAsyncManagerIntegrationFilter@7c3c1546, org.springframework.security.web.context.SecurityContextPersistenceFilter@568f0889, org.springframework.security.web.header.HeaderWriterFilter@3286c795, org.springframework.security.web.csrf.CsrfFilter@7ca8c711, org.springframework.security.web.authentication.logout.LogoutFilter@37aa02cd, org.springframework.security.web.authentication.UsernamePasswordAuthenticationFilter@1394e2e4, org.springframework.security.web.savedrequest.RequestCacheAwareFilter@5f446ac1, org.springframework.security.web.servletapi.SecurityContextHolderAwareRequestFilter@5b7ab4d3, org.springframework.security.web.authentication.rememberme.RememberMeAuthenticationFilter@2417c118, org.springframework.security.web.authentication.AnonymousAuthenticationFilter@3f6b1857, org.springframework.security.web.session.SessionManagementFilter@6ca5ca43, org.springframework.security.web.access.ExceptionTranslationFilter@10533233, org.springframework.security.web.access.intercept.FilterSecurityInterceptor@67249600]
2022-08-20 18:16:01.366  INFO 10472 --- [restartedMain] o.s.b.d.a.OptionalLiveReloadServer       : LiveReload server is running on port 35729
2022-08-20 18:16:01.464  INFO 10472 --- [restartedMain] o.s.b.w.embedded.tomcat.TomcatWebServer  : Tomcat started on port(s): 8080 (http) with context path '/MshoppersAdmin'
2022-08-20 18:16:01.511  INFO 10472 --- [restartedMain] c.m.admin.MshoppersBackendApplication    : Started MshoppersBackendApplication in 8.359 seconds (JVM running for 6568.46)
2022-08-20 18:16:01.519  INFO 10472 --- [restartedMain] .ConditionEvaluationDeltaLoggingListener : Condition evaluation unchanged
