2022-08-21 18:18:03.640  INFO 10472 --- [RMI TCP Connection(151)-127.0.0.1] inMXBeanRegistrar$SpringApplicationAdmin : Application shutdown requested.
2022-08-21 18:18:03.728  INFO 10472 --- [RMI TCP Connection(151)-127.0.0.1] j.LocalContainerEntityManagerFactoryBean : Closing JPA EntityManagerFactory for persistence unit 'default'
2022-08-21 18:18:03.730  INFO 10472 --- [RMI TCP Connection(151)-127.0.0.1] com.zaxxer.hikari.HikariDataSource       : HikariPool-8 - Shutdown initiated...
2022-08-21 18:18:03.751  INFO 10472 --- [RMI TCP Connection(151)-127.0.0.1] com.zaxxer.hikari.HikariDataSource       : HikariPool-8 - Shutdown completed.
2022-08-20 18:18:35.562  INFO 16464 --- [restartedMain] c.m.admin.MshoppersBackendApplication    : Starting MshoppersBackendApplication using Java 17.0.2 on Clinton with PID 16464 (G:\Java\Shopping Website\project\MumbaiShoppers\Mshoppers_WebParent\Mshoppers_Backend\target\classes started by Clinton in G:\Java\Shopping Website\project\MumbaiShoppers\Mshoppers_WebParent\Mshoppers_Backend)
2022-08-20 18:18:35.598  INFO 16464 --- [restartedMain] c.m.admin.MshoppersBackendApplication    : No active profile set, falling back to 1 default profile: "default"
2022-08-20 18:18:35.953  INFO 16464 --- [restartedMain] .e.DevToolsPropertyDefaultsPostProcessor : Devtools property defaults active! Set 'spring.devtools.add-properties' to 'false' to disable
2022-08-20 18:18:35.954  INFO 16464 --- [restartedMain] .e.DevToolsPropertyDefaultsPostProcessor : For additional web related logging consider setting the 'logging.level.web' property to 'DEBUG'
2022-08-20 18:18:44.889  INFO 16464 --- [restartedMain] .s.d.r.c.RepositoryConfigurationDelegate : Bootstrapping Spring Data JPA repositories in DEFAULT mode.
2022-08-20 18:18:45.540  INFO 16464 --- [restartedMain] .s.d.r.c.RepositoryConfigurationDelegate : Finished Spring Data repository scanning in 468 ms. Found 2 JPA repository interfaces.
2022-08-20 18:18:59.445  INFO 16464 --- [restartedMain] o.s.b.w.embedded.tomcat.TomcatWebServer  : Tomcat initialized with port(s): 8080 (http)
2022-08-20 18:18:59.665  INFO 16464 --- [restartedMain] o.apache.catalina.core.StandardService   : Starting service [Tomcat]
2022-08-20 18:18:59.666  INFO 16464 --- [restartedMain] org.apache.catalina.core.StandardEngine  : Starting Servlet engine: [Apache Tomcat/9.0.62]
2022-08-20 18:19:01.296  INFO 16464 --- [restartedMain] o.a.c.c.C.[.[.[/MshoppersAdmin]          : Initializing Spring embedded WebApplicationContext
2022-08-20 18:19:01.297  INFO 16464 --- [restartedMain] w.s.c.ServletWebServerApplicationContext : Root WebApplicationContext: initialization completed in 25338 ms
2022-08-20 18:19:23.337  INFO 16464 --- [restartedMain] o.hibernate.jpa.internal.util.LogHelper  : HHH000204: Processing PersistenceUnitInfo [name: default]
2022-08-20 18:19:24.931  INFO 16464 --- [restartedMain] org.hibernate.Version                    : HHH000412: Hibernate ORM core version 5.6.8.Final
2022-08-20 18:19:29.758  INFO 16464 --- [restartedMain] o.hibernate.annotations.common.Version   : HCANN000001: Hibernate Commons Annotations {5.1.2.Final}
2022-08-20 18:19:32.820  INFO 16464 --- [restartedMain] com.zaxxer.hikari.HikariDataSource       : HikariPool-1 - Starting...
2022-08-20 18:19:40.497  INFO 16464 --- [restartedMain] com.zaxxer.hikari.HikariDataSource       : HikariPool-1 - Start completed.
2022-08-20 18:19:40.766  INFO 16464 --- [restartedMain] org.hibernate.dialect.Dialect            : HHH000400: Using dialect: org.hibernate.dialect.MySQL8Dialect
2022-08-20 18:19:50.041  INFO 16464 --- [restartedMain] o.h.e.t.j.p.i.JtaPlatformInitiator       : HHH000490: Using JtaPlatform implementation: [org.hibernate.engine.transaction.jta.platform.internal.NoJtaPlatform]
2022-08-20 18:19:50.114  INFO 16464 --- [restartedMain] j.LocalContainerEntityManagerFactoryBean : Initialized JPA EntityManagerFactory for persistence unit 'default'
2022-08-20 18:19:51.020  WARN 16464 --- [restartedMain] JpaBaseConfiguration$JpaWebConfiguration : spring.jpa.open-in-view is enabled by default. Therefore, database queries may be performed during view rendering. Explicitly configure spring.jpa.open-in-view to disable this warning
2022-08-20 18:20:01.685  INFO 16464 --- [restartedMain] o.s.b.a.w.s.WelcomePageHandlerMapping    : Adding welcome page template: index
2022-08-20 18:20:06.652  WARN 16464 --- [restartedMain] o.s.s.c.a.web.builders.WebSecurity       : You are asking Spring Security to ignore Ant [pattern='/images/**']. This is not recommended -- please use permitAll via HttpSecurity#authorizeHttpRequests instead.
2022-08-20 18:20:06.655  INFO 16464 --- [restartedMain] o.s.s.web.DefaultSecurityFilterChain     : Will not secure Ant [pattern='/images/**']
2022-08-20 18:20:06.657  WARN 16464 --- [restartedMain] o.s.s.c.a.web.builders.WebSecurity       : You are asking Spring Security to ignore Ant [pattern='/js/**']. This is not recommended -- please use permitAll via HttpSecurity#authorizeHttpRequests instead.
2022-08-20 18:20:06.658  INFO 16464 --- [restartedMain] o.s.s.web.DefaultSecurityFilterChain     : Will not secure Ant [pattern='/js/**']
2022-08-20 18:20:06.659  WARN 16464 --- [restartedMain] o.s.s.c.a.web.builders.WebSecurity       : You are asking Spring Security to ignore Ant [pattern='/webjars/**']. This is not recommended -- please use permitAll via HttpSecurity#authorizeHttpRequests instead.
2022-08-20 18:20:06.660  INFO 16464 --- [restartedMain] o.s.s.web.DefaultSecurityFilterChain     : Will not secure Ant [pattern='/webjars/**']
2022-08-20 18:20:06.661  WARN 16464 --- [restartedMain] o.s.s.c.a.web.builders.WebSecurity       : You are asking Spring Security to ignore Ant [pattern='/fontawesome/**']. This is not recommended -- please use permitAll via HttpSecurity#authorizeHttpRequests instead.
2022-08-20 18:20:06.661  INFO 16464 --- [restartedMain] o.s.s.web.DefaultSecurityFilterChain     : Will not secure Ant [pattern='/fontawesome/**']
2022-08-20 18:20:06.949  INFO 16464 --- [restartedMain] o.s.s.web.DefaultSecurityFilterChain     : Will secure any request with [org.springframework.security.web.context.request.async.WebAsyncManagerIntegrationFilter@600c167e, org.springframework.security.web.context.SecurityContextPersistenceFilter@c38eb1c, org.springframework.security.web.header.HeaderWriterFilter@7df09416, org.springframework.security.web.csrf.CsrfFilter@3355302e, org.springframework.security.web.authentication.logout.LogoutFilter@6a7ed073, org.springframework.security.web.authentication.UsernamePasswordAuthenticationFilter@175fef84, org.springframework.security.web.savedrequest.RequestCacheAwareFilter@378561e2, org.springframework.security.web.servletapi.SecurityContextHolderAwareRequestFilter@278663f3, org.springframework.security.web.authentication.rememberme.RememberMeAuthenticationFilter@72a8ec32, org.springframework.security.web.authentication.AnonymousAuthenticationFilter@7308e034, org.springframework.security.web.session.SessionManagementFilter@42d37fbd, org.springframework.security.web.access.ExceptionTranslationFilter@5debe5c0, org.springframework.security.web.access.intercept.FilterSecurityInterceptor@76f45165]
2022-08-20 18:20:13.118  INFO 16464 --- [restartedMain] o.s.b.d.a.OptionalLiveReloadServer       : LiveReload server is running on port 35729
2022-08-20 18:20:13.347  INFO 16464 --- [restartedMain] o.s.b.w.embedded.tomcat.TomcatWebServer  : Tomcat started on port(s): 8080 (http) with context path '/MshoppersAdmin'
2022-08-20 18:20:13.414  INFO 16464 --- [restartedMain] c.m.admin.MshoppersBackendApplication    : Started MshoppersBackendApplication in 101.301 seconds (JVM running for 111.94)
2022-08-20 18:25:15.318  INFO 16464 --- [RMI TCP Connection(13)-127.0.0.1] inMXBeanRegistrar$SpringApplicationAdmin : Application shutdown requested.
2022-08-20 18:25:15.432  INFO 16464 --- [RMI TCP Connection(13)-127.0.0.1] j.LocalContainerEntityManagerFactoryBean : Closing JPA EntityManagerFactory for persistence unit 'default'
2022-08-20 18:25:15.448  INFO 16464 --- [RMI TCP Connection(13)-127.0.0.1] com.zaxxer.hikari.HikariDataSource       : HikariPool-1 - Shutdown initiated...
2022-08-20 18:25:15.501  INFO 16464 --- [RMI TCP Connection(13)-127.0.0.1] com.zaxxer.hikari.HikariDataSource       : HikariPool-1 - Shutdown completed.
2022-08-20 18:56:40.731  INFO 2500 --- [restartedMain] c.m.admin.MshoppersBackendApplication    : Starting MshoppersBackendApplication using Java 17.0.2 on Clinton with PID 2500 (G:\Java\Shopping Website\project\MumbaiShoppers\Mshoppers_WebParent\Mshoppers_Backend\target\classes started by Clinton in G:\Java\Shopping Website\project\MumbaiShoppers\Mshoppers_WebParent\Mshoppers_Backend)
2022-08-20 18:56:40.736  INFO 2500 --- [restartedMain] c.m.admin.MshoppersBackendApplication    : No active profile set, falling back to 1 default profile: "default"
2022-08-20 18:56:40.974  INFO 2500 --- [restartedMain] .e.DevToolsPropertyDefaultsPostProcessor : Devtools property defaults active! Set 'spring.devtools.add-properties' to 'false' to disable
2022-08-20 18:56:40.975  INFO 2500 --- [restartedMain] .e.DevToolsPropertyDefaultsPostProcessor : For additional web related logging consider setting the 'logging.level.web' property to 'DEBUG'
2022-08-20 18:56:43.783  INFO 2500 --- [restartedMain] .s.d.r.c.RepositoryConfigurationDelegate : Bootstrapping Spring Data JPA repositories in DEFAULT mode.
2022-08-20 18:56:43.994  INFO 2500 --- [restartedMain] .s.d.r.c.RepositoryConfigurationDelegate : Finished Spring Data repository scanning in 177 ms. Found 2 JPA repository interfaces.
2022-08-20 18:56:46.536  INFO 2500 --- [restartedMain] o.s.b.w.embedded.tomcat.TomcatWebServer  : Tomcat initialized with port(s): 8080 (http)
2022-08-20 18:56:46.571  INFO 2500 --- [restartedMain] o.apache.catalina.core.StandardService   : Starting service [Tomcat]
2022-08-20 18:56:46.572  INFO 2500 --- [restartedMain] org.apache.catalina.core.StandardEngine  : Starting Servlet engine: [Apache Tomcat/9.0.62]
2022-08-20 18:56:47.026  INFO 2500 --- [restartedMain] o.a.c.c.C.[.[.[/MshoppersAdmin]          : Initializing Spring embedded WebApplicationContext
2022-08-20 18:56:47.027  INFO 2500 --- [restartedMain] w.s.c.ServletWebServerApplicationContext : Root WebApplicationContext: initialization completed in 6050 ms
2022-08-20 18:56:48.020  INFO 2500 --- [restartedMain] o.hibernate.jpa.internal.util.LogHelper  : HHH000204: Processing PersistenceUnitInfo [name: default]
2022-08-20 18:56:48.337  INFO 2500 --- [restartedMain] org.hibernate.Version                    : HHH000412: Hibernate ORM core version 5.6.8.Final
2022-08-20 18:56:49.189  INFO 2500 --- [restartedMain] o.hibernate.annotations.common.Version   : HCANN000001: Hibernate Commons Annotations {5.1.2.Final}
2022-08-20 18:56:49.853  INFO 2500 --- [restartedMain] com.zaxxer.hikari.HikariDataSource       : HikariPool-1 - Starting...
2022-08-20 18:57:06.361  INFO 3348 --- [restartedMain] c.m.admin.MshoppersBackendApplication    : Starting MshoppersBackendApplication using Java 17.0.2 on Clinton with PID 3348 (G:\Java\Shopping Website\project\MumbaiShoppers\Mshoppers_WebParent\Mshoppers_Backend\target\classes started by Clinton in G:\Java\Shopping Website\project\MumbaiShoppers\Mshoppers_WebParent\Mshoppers_Backend)
2022-08-20 18:57:06.408  INFO 3348 --- [restartedMain] c.m.admin.MshoppersBackendApplication    : No active profile set, falling back to 1 default profile: "default"
2022-08-20 18:57:06.705  INFO 3348 --- [restartedMain] .e.DevToolsPropertyDefaultsPostProcessor : Devtools property defaults active! Set 'spring.devtools.add-properties' to 'false' to disable
2022-08-20 18:57:06.706  INFO 3348 --- [restartedMain] .e.DevToolsPropertyDefaultsPostProcessor : For additional web related logging consider setting the 'logging.level.web' property to 'DEBUG'
2022-08-20 18:57:19.365  INFO 2896 --- [restartedMain] c.m.admin.MshoppersBackendApplication    : Starting MshoppersBackendApplication using Java 17.0.2 on Clinton with PID 2896 (G:\Java\Shopping Website\project\MumbaiShoppers\Mshoppers_WebParent\Mshoppers_Backend\target\classes started by Clinton in G:\Java\Shopping Website\project\MumbaiShoppers\Mshoppers_WebParent\Mshoppers_Backend)
2022-08-20 18:57:19.608  INFO 2896 --- [restartedMain] c.m.admin.MshoppersBackendApplication    : No active profile set, falling back to 1 default profile: "default"
2022-08-20 18:57:19.959  INFO 2896 --- [restartedMain] .e.DevToolsPropertyDefaultsPostProcessor : Devtools property defaults active! Set 'spring.devtools.add-properties' to 'false' to disable
2022-08-20 18:57:19.960  INFO 2896 --- [restartedMain] .e.DevToolsPropertyDefaultsPostProcessor : For additional web related logging consider setting the 'logging.level.web' property to 'DEBUG'
2022-08-20 18:57:23.717  INFO 2896 --- [restartedMain] .s.d.r.c.RepositoryConfigurationDelegate : Bootstrapping Spring Data JPA repositories in DEFAULT mode.
2022-08-20 18:57:23.974  INFO 2896 --- [restartedMain] .s.d.r.c.RepositoryConfigurationDelegate : Finished Spring Data repository scanning in 194 ms. Found 2 JPA repository interfaces.
2022-08-20 18:57:28.091  INFO 2896 --- [restartedMain] o.s.b.w.embedded.tomcat.TomcatWebServer  : Tomcat initialized with port(s): 8080 (http)
2022-08-20 18:57:28.160  INFO 2896 --- [restartedMain] o.apache.catalina.core.StandardService   : Starting service [Tomcat]
2022-08-20 18:57:28.162  INFO 2896 --- [restartedMain] org.apache.catalina.core.StandardEngine  : Starting Servlet engine: [Apache Tomcat/9.0.62]
2022-08-20 18:57:28.771  INFO 2896 --- [restartedMain] o.a.c.c.C.[.[.[/MshoppersAdmin]          : Initializing Spring embedded WebApplicationContext
2022-08-20 18:57:28.773  INFO 2896 --- [restartedMain] w.s.c.ServletWebServerApplicationContext : Root WebApplicationContext: initialization completed in 8808 ms
2022-08-20 18:57:29.981  INFO 2896 --- [restartedMain] o.hibernate.jpa.internal.util.LogHelper  : HHH000204: Processing PersistenceUnitInfo [name: default]
2022-08-20 18:57:30.316  INFO 2896 --- [restartedMain] org.hibernate.Version                    : HHH000412: Hibernate ORM core version 5.6.8.Final
2022-08-20 18:57:31.525  INFO 2896 --- [restartedMain] o.hibernate.annotations.common.Version   : HCANN000001: Hibernate Commons Annotations {5.1.2.Final}
2022-08-20 18:57:32.173  INFO 2896 --- [restartedMain] com.zaxxer.hikari.HikariDataSource       : HikariPool-1 - Starting...
2022-08-20 18:57:38.532  INFO 2896 --- [restartedMain] com.zaxxer.hikari.HikariDataSource       : HikariPool-1 - Start completed.
2022-08-20 18:57:38.995  INFO 2896 --- [restartedMain] org.hibernate.dialect.Dialect            : HHH000400: Using dialect: org.hibernate.dialect.MySQL8Dialect
2022-08-20 18:57:44.876  INFO 2896 --- [restartedMain] o.h.e.t.j.p.i.JtaPlatformInitiator       : HHH000490: Using JtaPlatform implementation: [org.hibernate.engine.transaction.jta.platform.internal.NoJtaPlatform]
2022-08-20 18:57:44.916  INFO 2896 --- [restartedMain] j.LocalContainerEntityManagerFactoryBean : Initialized JPA EntityManagerFactory for persistence unit 'default'
2022-08-20 18:57:45.177  WARN 2896 --- [restartedMain] JpaBaseConfiguration$JpaWebConfiguration : spring.jpa.open-in-view is enabled by default. Therefore, database queries may be performed during view rendering. Explicitly configure spring.jpa.open-in-view to disable this warning
2022-08-20 18:57:48.700  INFO 2896 --- [restartedMain] o.s.b.a.w.s.WelcomePageHandlerMapping    : Adding welcome page template: index
2022-08-20 18:57:52.176  WARN 2896 --- [restartedMain] o.s.s.c.a.web.builders.WebSecurity       : You are asking Spring Security to ignore Ant [pattern='/images/**']. This is not recommended -- please use permitAll via HttpSecurity#authorizeHttpRequests instead.
2022-08-20 18:57:52.180  INFO 2896 --- [restartedMain] o.s.s.web.DefaultSecurityFilterChain     : Will not secure Ant [pattern='/images/**']
2022-08-20 18:57:52.182  WARN 2896 --- [restartedMain] o.s.s.c.a.web.builders.WebSecurity       : You are asking Spring Security to ignore Ant [pattern='/js/**']. This is not recommended -- please use permitAll via HttpSecurity#authorizeHttpRequests instead.
2022-08-20 18:57:52.182  INFO 2896 --- [restartedMain] o.s.s.web.DefaultSecurityFilterChain     : Will not secure Ant [pattern='/js/**']
2022-08-20 18:57:52.183  WARN 2896 --- [restartedMain] o.s.s.c.a.web.builders.WebSecurity       : You are asking Spring Security to ignore Ant [pattern='/webjars/**']. This is not recommended -- please use permitAll via HttpSecurity#authorizeHttpRequests instead.
2022-08-20 18:57:52.183  INFO 2896 --- [restartedMain] o.s.s.web.DefaultSecurityFilterChain     : Will not secure Ant [pattern='/webjars/**']
2022-08-20 18:57:52.184  WARN 2896 --- [restartedMain] o.s.s.c.a.web.builders.WebSecurity       : You are asking Spring Security to ignore Ant [pattern='/fontawesome/**']. This is not recommended -- please use permitAll via HttpSecurity#authorizeHttpRequests instead.
2022-08-20 18:57:52.185  INFO 2896 --- [restartedMain] o.s.s.web.DefaultSecurityFilterChain     : Will not secure Ant [pattern='/fontawesome/**']
2022-08-20 18:57:52.391  INFO 2896 --- [restartedMain] o.s.s.web.DefaultSecurityFilterChain     : Will secure any request with [org.springframework.security.web.context.request.async.WebAsyncManagerIntegrationFilter@3c200c64, org.springframework.security.web.context.SecurityContextPersistenceFilter@4b20085, org.springframework.security.web.header.HeaderWriterFilter@6950c163, org.springframework.security.web.csrf.CsrfFilter@17519398, org.springframework.security.web.authentication.logout.LogoutFilter@5ce5d19d, org.springframework.security.web.authentication.UsernamePasswordAuthenticationFilter@20c6305, org.springframework.security.web.savedrequest.RequestCacheAwareFilter@6b0516a4, org.springframework.security.web.servletapi.SecurityContextHolderAwareRequestFilter@41d0aaee, org.springframework.security.web.authentication.rememberme.RememberMeAuthenticationFilter@157d2ef6, org.springframework.security.web.authentication.AnonymousAuthenticationFilter@54608937, org.springframework.security.web.session.SessionManagementFilter@15077c0f, org.springframework.security.web.access.ExceptionTranslationFilter@20036a57, org.springframework.security.web.access.intercept.FilterSecurityInterceptor@5ea4a993]
2022-08-20 18:57:52.674  INFO 2896 --- [restartedMain] o.s.b.d.a.OptionalLiveReloadServer       : LiveReload server is running on port 35729
2022-08-20 18:57:52.972  INFO 2896 --- [restartedMain] o.s.b.w.embedded.tomcat.TomcatWebServer  : Tomcat started on port(s): 8080 (http) with context path '/MshoppersAdmin'
2022-08-20 18:57:53.015  INFO 2896 --- [restartedMain] c.m.admin.MshoppersBackendApplication    : Started MshoppersBackendApplication in 35.624 seconds (JVM running for 40.058)
2022-08-20 18:58:06.216  INFO 2896 --- [http-nio-8080-exec-3] o.a.c.c.C.[.[.[/MshoppersAdmin]          : Initializing Spring DispatcherServlet 'dispatcherServlet'
2022-08-20 18:58:06.217  INFO 2896 --- [http-nio-8080-exec-3] o.s.web.servlet.DispatcherServlet        : Initializing Servlet 'dispatcherServlet'
2022-08-20 18:58:06.223  INFO 2896 --- [http-nio-8080-exec-3] o.s.web.servlet.DispatcherServlet        : Completed initialization in 5 ms
2022-08-20 18:58:07.642  WARN 2896 --- [http-nio-8080-exec-3] o.a.c.util.SessionIdGeneratorBase        : Creation of SecureRandom instance for session ID generation using [SHA1PRNG] took [447] milliseconds.
2022-08-20 18:59:01.244 ERROR 2896 --- [http-nio-8080-exec-3] c.m.a.user.controller.UserController     : ERROR occurred ::: java.lang.NullPointerException: Cannot invoke "org.springframework.ui.Model.addAttribute(String, Object)" because "model" is null
2022-08-20 19:00:52.670 ERROR 2896 --- [http-nio-8080-exec-10] c.m.a.user.controller.UserController     : ERROR occurred ::: java.lang.IllegalArgumentException: Property must not be null or empty!
2022-08-20 19:09:16.828  INFO 2896 --- [Thread-5] j.LocalContainerEntityManagerFactoryBean : Closing JPA EntityManagerFactory for persistence unit 'default'
2022-08-20 19:09:16.843  INFO 2896 --- [Thread-5] com.zaxxer.hikari.HikariDataSource       : HikariPool-1 - Shutdown initiated...
2022-08-20 19:09:16.963  INFO 2896 --- [Thread-5] com.zaxxer.hikari.HikariDataSource       : HikariPool-1 - Shutdown completed.
2022-08-20 19:09:17.405  INFO 2896 --- [restartedMain] c.m.admin.MshoppersBackendApplication    : Starting MshoppersBackendApplication using Java 17.0.2 on Clinton with PID 2896 (G:\Java\Shopping Website\project\MumbaiShoppers\Mshoppers_WebParent\Mshoppers_Backend\target\classes started by Clinton in G:\Java\Shopping Website\project\MumbaiShoppers\Mshoppers_WebParent\Mshoppers_Backend)
2022-08-20 19:09:17.406  INFO 2896 --- [restartedMain] c.m.admin.MshoppersBackendApplication    : No active profile set, falling back to 1 default profile: "default"
2022-08-20 19:09:18.660  INFO 2896 --- [restartedMain] .s.d.r.c.RepositoryConfigurationDelegate : Bootstrapping Spring Data JPA repositories in DEFAULT mode.
2022-08-20 19:09:18.725  INFO 2896 --- [restartedMain] .s.d.r.c.RepositoryConfigurationDelegate : Finished Spring Data repository scanning in 63 ms. Found 2 JPA repository interfaces.
2022-08-20 19:09:19.299  INFO 2896 --- [restartedMain] o.s.b.w.embedded.tomcat.TomcatWebServer  : Tomcat initialized with port(s): 8080 (http)
2022-08-20 19:09:19.302  INFO 2896 --- [restartedMain] o.apache.catalina.core.StandardService   : Starting service [Tomcat]
2022-08-20 19:09:19.303  INFO 2896 --- [restartedMain] org.apache.catalina.core.StandardEngine  : Starting Servlet engine: [Apache Tomcat/9.0.62]
2022-08-20 19:09:19.489  INFO 2896 --- [restartedMain] o.a.c.c.C.[.[.[/MshoppersAdmin]          : Initializing Spring embedded WebApplicationContext
2022-08-20 19:09:19.490  INFO 2896 --- [restartedMain] w.s.c.ServletWebServerApplicationContext : Root WebApplicationContext: initialization completed in 2056 ms
2022-08-20 19:09:19.581  WARN 2896 --- [restartedMain] o.a.c.c.C.[.[.[/MshoppersAdmin]          : Cannot deserialize session attribute [SPRING_SECURITY_CONTEXT] for session [453A89132489D54879B5FCDB06BD5AF0]
2022-08-20 19:09:19.765  INFO 2896 --- [restartedMain] o.hibernate.jpa.internal.util.LogHelper  : HHH000204: Processing PersistenceUnitInfo [name: default]
2022-08-20 19:09:19.802  INFO 2896 --- [restartedMain] com.zaxxer.hikari.HikariDataSource       : HikariPool-2 - Starting...
2022-08-20 19:09:20.002  INFO 2896 --- [restartedMain] com.zaxxer.hikari.HikariDataSource       : HikariPool-2 - Start completed.
2022-08-20 19:09:20.004  INFO 2896 --- [restartedMain] org.hibernate.dialect.Dialect            : HHH000400: Using dialect: org.hibernate.dialect.MySQL8Dialect
2022-08-20 19:09:21.044  INFO 2896 --- [restartedMain] o.h.e.t.j.p.i.JtaPlatformInitiator       : HHH000490: Using JtaPlatform implementation: [org.hibernate.engine.transaction.jta.platform.internal.NoJtaPlatform]
2022-08-20 19:09:21.046  INFO 2896 --- [restartedMain] j.LocalContainerEntityManagerFactoryBean : Initialized JPA EntityManagerFactory for persistence unit 'default'
2022-08-20 19:09:21.203  WARN 2896 --- [restartedMain] JpaBaseConfiguration$JpaWebConfiguration : spring.jpa.open-in-view is enabled by default. Therefore, database queries may be performed during view rendering. Explicitly configure spring.jpa.open-in-view to disable this warning
2022-08-20 19:09:22.437  INFO 2896 --- [restartedMain] o.s.b.a.w.s.WelcomePageHandlerMapping    : Adding welcome page template: index
2022-08-20 19:09:24.561  WARN 2896 --- [restartedMain] o.s.s.c.a.web.builders.WebSecurity       : You are asking Spring Security to ignore Ant [pattern='/images/**']. This is not recommended -- please use permitAll via HttpSecurity#authorizeHttpRequests instead.
2022-08-20 19:09:24.561  INFO 2896 --- [restartedMain] o.s.s.web.DefaultSecurityFilterChain     : Will not secure Ant [pattern='/images/**']
2022-08-20 19:09:24.562  WARN 2896 --- [restartedMain] o.s.s.c.a.web.builders.WebSecurity       : You are asking Spring Security to ignore Ant [pattern='/js/**']. This is not recommended -- please use permitAll via HttpSecurity#authorizeHttpRequests instead.
2022-08-20 19:09:24.562  INFO 2896 --- [restartedMain] o.s.s.web.DefaultSecurityFilterChain     : Will not secure Ant [pattern='/js/**']
2022-08-20 19:09:24.563  WARN 2896 --- [restartedMain] o.s.s.c.a.web.builders.WebSecurity       : You are asking Spring Security to ignore Ant [pattern='/webjars/**']. This is not recommended -- please use permitAll via HttpSecurity#authorizeHttpRequests instead.
2022-08-20 19:09:24.564  INFO 2896 --- [restartedMain] o.s.s.web.DefaultSecurityFilterChain     : Will not secure Ant [pattern='/webjars/**']
2022-08-20 19:09:24.564  WARN 2896 --- [restartedMain] o.s.s.c.a.web.builders.WebSecurity       : You are asking Spring Security to ignore Ant [pattern='/fontawesome/**']. This is not recommended -- please use permitAll via HttpSecurity#authorizeHttpRequests instead.
2022-08-20 19:09:24.565  INFO 2896 --- [restartedMain] o.s.s.web.DefaultSecurityFilterChain     : Will not secure Ant [pattern='/fontawesome/**']
2022-08-20 19:09:24.614  INFO 2896 --- [restartedMain] o.s.s.web.DefaultSecurityFilterChain     : Will secure any request with [org.springframework.security.web.context.request.async.WebAsyncManagerIntegrationFilter@4eb772de, org.springframework.security.web.context.SecurityContextPersistenceFilter@74730373, org.springframework.security.web.header.HeaderWriterFilter@bf12a55, org.springframework.security.web.csrf.CsrfFilter@641e4d6e, org.springframework.security.web.authentication.logout.LogoutFilter@38516f8a, org.springframework.security.web.authentication.UsernamePasswordAuthenticationFilter@2f2f7d43, org.springframework.security.web.savedrequest.RequestCacheAwareFilter@6b26dc51, org.springframework.security.web.servletapi.SecurityContextHolderAwareRequestFilter@6907f0e2, org.springframework.security.web.authentication.rememberme.RememberMeAuthenticationFilter@1716a6b9, org.springframework.security.web.authentication.AnonymousAuthenticationFilter@5ba461f4, org.springframework.security.web.session.SessionManagementFilter@62105762, org.springframework.security.web.access.ExceptionTranslationFilter@265733a7, org.springframework.security.web.access.intercept.FilterSecurityInterceptor@19618cf0]
2022-08-20 19:09:24.662  INFO 2896 --- [restartedMain] o.s.b.d.a.OptionalLiveReloadServer       : LiveReload server is running on port 35729
2022-08-20 19:09:24.753  INFO 2896 --- [restartedMain] o.s.b.w.embedded.tomcat.TomcatWebServer  : Tomcat started on port(s): 8080 (http) with context path '/MshoppersAdmin'
2022-08-20 19:09:24.879  INFO 2896 --- [restartedMain] c.m.admin.MshoppersBackendApplication    : Started MshoppersBackendApplication in 7.688 seconds (JVM running for 731.862)
2022-08-20 19:09:24.887  INFO 2896 --- [restartedMain] .ConditionEvaluationDeltaLoggingListener : Condition evaluation unchanged
2022-08-20 19:09:58.761  INFO 2896 --- [Thread-7] j.LocalContainerEntityManagerFactoryBean : Closing JPA EntityManagerFactory for persistence unit 'default'
2022-08-20 19:09:58.764  INFO 2896 --- [Thread-7] com.zaxxer.hikari.HikariDataSource       : HikariPool-2 - Shutdown initiated...
2022-08-20 19:09:58.798  INFO 2896 --- [Thread-7] com.zaxxer.hikari.HikariDataSource       : HikariPool-2 - Shutdown completed.
2022-08-20 19:09:59.192  INFO 2896 --- [restartedMain] c.m.admin.MshoppersBackendApplication    : Starting MshoppersBackendApplication using Java 17.0.2 on Clinton with PID 2896 (G:\Java\Shopping Website\project\MumbaiShoppers\Mshoppers_WebParent\Mshoppers_Backend\target\classes started by Clinton in G:\Java\Shopping Website\project\MumbaiShoppers\Mshoppers_WebParent\Mshoppers_Backend)
2022-08-20 19:09:59.194  INFO 2896 --- [restartedMain] c.m.admin.MshoppersBackendApplication    : No active profile set, falling back to 1 default profile: "default"
2022-08-20 19:10:00.303  INFO 2896 --- [restartedMain] .s.d.r.c.RepositoryConfigurationDelegate : Bootstrapping Spring Data JPA repositories in DEFAULT mode.
2022-08-20 19:10:00.374  INFO 2896 --- [restartedMain] .s.d.r.c.RepositoryConfigurationDelegate : Finished Spring Data repository scanning in 70 ms. Found 2 JPA repository interfaces.
2022-08-21 12:40:08.666  INFO 9848 --- [restartedMain] c.m.admin.MshoppersBackendApplication    : Starting MshoppersBackendApplication using Java 17.0.2 on Clinton with PID 9848 (G:\Java\Shopping Website\project\MumbaiShoppers\Mshoppers_WebParent\Mshoppers_Backend\target\classes started by Clinton in G:\Java\Shopping Website\project\MumbaiShoppers\Mshoppers_WebParent\Mshoppers_Backend)
2022-08-21 12:40:08.711  INFO 9848 --- [restartedMain] c.m.admin.MshoppersBackendApplication    : No active profile set, falling back to 1 default profile: "default"
2022-08-21 12:40:09.206  INFO 9848 --- [restartedMain] .s.d.r.c.RepositoryConfigurationDelegate : Bootstrapping Spring Data JPA repositories in DEFAULT mode.
2022-08-21 12:40:09.232  INFO 9848 --- [restartedMain] .s.d.r.c.RepositoryConfigurationDelegate : Finished Spring Data repository scanning in 26 ms. Found 2 JPA repository interfaces.
2022-08-21 12:40:09.461  INFO 9848 --- [restartedMain] o.s.b.w.embedded.tomcat.TomcatWebServer  : Tomcat initialized with port(s): 8080 (http)
2022-08-21 12:40:09.462  INFO 9848 --- [restartedMain] o.apache.catalina.core.StandardService   : Starting service [Tomcat]
2022-08-21 12:40:09.463  INFO 9848 --- [restartedMain] org.apache.catalina.core.StandardEngine  : Starting Servlet engine: [Apache Tomcat/9.0.62]
2022-08-21 12:40:09.521  INFO 9848 --- [restartedMain] o.a.c.c.C.[.[.[/MshoppersAdmin]          : Initializing Spring embedded WebApplicationContext
2022-08-21 12:40:09.521  INFO 9848 --- [restartedMain] w.s.c.ServletWebServerApplicationContext : Root WebApplicationContext: initialization completed in 802 ms
2022-08-21 12:40:09.565  WARN 9848 --- [restartedMain] o.a.c.c.C.[.[.[/MshoppersAdmin]          : Cannot deserialize session attribute [SPRING_SECURITY_CONTEXT] for session [19232D193BFA646945420705341E1BB6]
2022-08-21 12:40:09.671  INFO 9848 --- [restartedMain] o.hibernate.jpa.internal.util.LogHelper  : HHH000204: Processing PersistenceUnitInfo [name: default]
2022-08-21 12:40:09.692  INFO 9848 --- [restartedMain] com.zaxxer.hikari.HikariDataSource       : HikariPool-2 - Starting...
2022-08-21 12:40:09.740  INFO 9848 --- [restartedMain] com.zaxxer.hikari.HikariDataSource       : HikariPool-2 - Start completed.
2022-08-21 12:40:09.741  INFO 9848 --- [restartedMain] org.hibernate.dialect.Dialect            : HHH000400: Using dialect: org.hibernate.dialect.MySQL8Dialect
2022-08-21 12:40:10.046  INFO 9848 --- [restartedMain] o.h.e.t.j.p.i.JtaPlatformInitiator       : HHH000490: Using JtaPlatform implementation: [org.hibernate.engine.transaction.jta.platform.internal.NoJtaPlatform]
2022-08-21 12:40:10.047  INFO 9848 --- [restartedMain] j.LocalContainerEntityManagerFactoryBean : Initialized JPA EntityManagerFactory for persistence unit 'default'
2022-08-21 12:40:10.134  WARN 9848 --- [restartedMain] JpaBaseConfiguration$JpaWebConfiguration : spring.jpa.open-in-view is enabled by default. Therefore, database queries may be performed during view rendering. Explicitly configure spring.jpa.open-in-view to disable this warning
2022-08-21 12:40:28.168  INFO 4508 --- [restartedMain] c.m.admin.MshoppersBackendApplication    : Starting MshoppersBackendApplication using Java 17.0.2 on Clinton with PID 4508 (G:\Java\Shopping Website\project\MumbaiShoppers\Mshoppers_WebParent\Mshoppers_Backend\target\classes started by Clinton in G:\Java\Shopping Website\project\MumbaiShoppers\Mshoppers_WebParent\Mshoppers_Backend)
2022-08-21 12:40:28.170  INFO 4508 --- [restartedMain] c.m.admin.MshoppersBackendApplication    : No active profile set, falling back to 1 default profile: "default"
2022-08-21 12:40:28.281  INFO 4508 --- [restartedMain] .e.DevToolsPropertyDefaultsPostProcessor : Devtools property defaults active! Set 'spring.devtools.add-properties' to 'false' to disable
2022-08-21 12:40:28.281  INFO 4508 --- [restartedMain] .e.DevToolsPropertyDefaultsPostProcessor : For additional web related logging consider setting the 'logging.level.web' property to 'DEBUG'
2022-08-21 12:40:29.689  INFO 4508 --- [restartedMain] .s.d.r.c.RepositoryConfigurationDelegate : Bootstrapping Spring Data JPA repositories in DEFAULT mode.
2022-08-21 12:40:29.796  INFO 4508 --- [restartedMain] .s.d.r.c.RepositoryConfigurationDelegate : Finished Spring Data repository scanning in 87 ms. Found 2 JPA repository interfaces.
2022-08-21 12:40:31.018  INFO 4508 --- [restartedMain] o.s.b.w.embedded.tomcat.TomcatWebServer  : Tomcat initialized with port(s): 8080 (http)
2022-08-21 12:40:31.036  INFO 4508 --- [restartedMain] o.apache.catalina.core.StandardService   : Starting service [Tomcat]
2022-08-21 12:40:31.036  INFO 4508 --- [restartedMain] org.apache.catalina.core.StandardEngine  : Starting Servlet engine: [Apache Tomcat/9.0.62]
2022-08-21 12:40:31.245  INFO 4508 --- [restartedMain] o.a.c.c.C.[.[.[/MshoppersAdmin]          : Initializing Spring embedded WebApplicationContext
2022-08-21 12:40:31.246  INFO 4508 --- [restartedMain] w.s.c.ServletWebServerApplicationContext : Root WebApplicationContext: initialization completed in 2963 ms
2022-08-21 12:40:31.656  INFO 4508 --- [restartedMain] o.hibernate.jpa.internal.util.LogHelper  : HHH000204: Processing PersistenceUnitInfo [name: default]
2022-08-21 12:40:31.770  INFO 4508 --- [restartedMain] org.hibernate.Version                    : HHH000412: Hibernate ORM core version 5.6.8.Final
2022-08-21 12:40:32.124  INFO 4508 --- [restartedMain] o.hibernate.annotations.common.Version   : HCANN000001: Hibernate Commons Annotations {5.1.2.Final}
2022-08-21 12:40:32.349  INFO 4508 --- [restartedMain] com.zaxxer.hikari.HikariDataSource       : HikariPool-1 - Starting...
2022-08-21 12:40:33.204  INFO 4508 --- [restartedMain] com.zaxxer.hikari.HikariDataSource       : HikariPool-1 - Start completed.
2022-08-21 12:40:33.254  INFO 4508 --- [restartedMain] org.hibernate.dialect.Dialect            : HHH000400: Using dialect: org.hibernate.dialect.MySQL8Dialect
2022-08-21 12:40:34.999  INFO 4508 --- [restartedMain] o.h.e.t.j.p.i.JtaPlatformInitiator       : HHH000490: Using JtaPlatform implementation: [org.hibernate.engine.transaction.jta.platform.internal.NoJtaPlatform]
2022-08-21 12:40:35.020  INFO 4508 --- [restartedMain] j.LocalContainerEntityManagerFactoryBean : Initialized JPA EntityManagerFactory for persistence unit 'default'
2022-08-21 12:40:35.158  WARN 4508 --- [restartedMain] JpaBaseConfiguration$JpaWebConfiguration : spring.jpa.open-in-view is enabled by default. Therefore, database queries may be performed during view rendering. Explicitly configure spring.jpa.open-in-view to disable this warning
2022-08-21 12:40:36.594  INFO 4508 --- [restartedMain] o.s.b.a.w.s.WelcomePageHandlerMapping    : Adding welcome page template: index
2022-08-21 12:40:37.980  WARN 4508 --- [restartedMain] o.s.s.c.a.web.builders.WebSecurity       : You are asking Spring Security to ignore Ant [pattern='/images/**']. This is not recommended -- please use permitAll via HttpSecurity#authorizeHttpRequests instead.
2022-08-21 12:40:37.982  INFO 4508 --- [restartedMain] o.s.s.web.DefaultSecurityFilterChain     : Will not secure Ant [pattern='/images/**']
2022-08-21 12:40:37.983  WARN 4508 --- [restartedMain] o.s.s.c.a.web.builders.WebSecurity       : You are asking Spring Security to ignore Ant [pattern='/js/**']. This is not recommended -- please use permitAll via HttpSecurity#authorizeHttpRequests instead.
2022-08-21 12:40:37.983  INFO 4508 --- [restartedMain] o.s.s.web.DefaultSecurityFilterChain     : Will not secure Ant [pattern='/js/**']
2022-08-21 12:40:37.984  WARN 4508 --- [restartedMain] o.s.s.c.a.web.builders.WebSecurity       : You are asking Spring Security to ignore Ant [pattern='/webjars/**']. This is not recommended -- please use permitAll via HttpSecurity#authorizeHttpRequests instead.
2022-08-21 12:40:37.984  INFO 4508 --- [restartedMain] o.s.s.web.DefaultSecurityFilterChain     : Will not secure Ant [pattern='/webjars/**']
2022-08-21 12:40:37.985  WARN 4508 --- [restartedMain] o.s.s.c.a.web.builders.WebSecurity       : You are asking Spring Security to ignore Ant [pattern='/fontawesome/**']. This is not recommended -- please use permitAll via HttpSecurity#authorizeHttpRequests instead.
2022-08-21 12:40:37.985  INFO 4508 --- [restartedMain] o.s.s.web.DefaultSecurityFilterChain     : Will not secure Ant [pattern='/fontawesome/**']
2022-08-21 12:40:38.094  INFO 4508 --- [restartedMain] o.s.s.web.DefaultSecurityFilterChain     : Will secure any request with [org.springframework.security.web.context.request.async.WebAsyncManagerIntegrationFilter@73e6ae89, org.springframework.security.web.context.SecurityContextPersistenceFilter@50402ace, org.springframework.security.web.header.HeaderWriterFilter@247c6551, org.springframework.security.web.csrf.CsrfFilter@3a64282e, org.springframework.security.web.authentication.logout.LogoutFilter@45cced16, org.springframework.security.web.authentication.UsernamePasswordAuthenticationFilter@6eb5c82a, org.springframework.security.web.savedrequest.RequestCacheAwareFilter@2aaaa5a8, org.springframework.security.web.servletapi.SecurityContextHolderAwareRequestFilter@46052e79, org.springframework.security.web.authentication.rememberme.RememberMeAuthenticationFilter@2ecf6b23, org.springframework.security.web.authentication.AnonymousAuthenticationFilter@5ef02392, org.springframework.security.web.session.SessionManagementFilter@7bbb3675, org.springframework.security.web.access.ExceptionTranslationFilter@7f33ec1f, org.springframework.security.web.access.intercept.FilterSecurityInterceptor@7bd840c9]
2022-08-21 12:40:38.197  INFO 4508 --- [restartedMain] o.s.b.d.a.OptionalLiveReloadServer       : LiveReload server is running on port 35729
2022-08-21 12:40:38.352  INFO 4508 --- [restartedMain] o.s.b.w.embedded.tomcat.TomcatWebServer  : Tomcat started on port(s): 8080 (http) with context path '/MshoppersAdmin'
2022-08-21 12:40:38.372  INFO 4508 --- [restartedMain] c.m.admin.MshoppersBackendApplication    : Started MshoppersBackendApplication in 11.076 seconds (JVM running for 13.101)
2022-08-21 12:41:12.279  INFO 4508 --- [RMI TCP Connection(9)-127.0.0.1] inMXBeanRegistrar$SpringApplicationAdmin : Application shutdown requested.
2022-08-21 12:41:12.333  INFO 4508 --- [RMI TCP Connection(9)-127.0.0.1] j.LocalContainerEntityManagerFactoryBean : Closing JPA EntityManagerFactory for persistence unit 'default'
2022-08-21 12:41:12.342  INFO 4508 --- [RMI TCP Connection(9)-127.0.0.1] com.zaxxer.hikari.HikariDataSource       : HikariPool-1 - Shutdown initiated...
2022-08-21 12:41:12.379  INFO 4508 --- [RMI TCP Connection(9)-127.0.0.1] com.zaxxer.hikari.HikariDataSource       : HikariPool-1 - Shutdown completed.
2022-08-21 12:44:52.107  INFO 2632 --- [restartedMain] c.m.admin.MshoppersBackendApplication    : Starting MshoppersBackendApplication using Java 17.0.2 on Clinton with PID 2632 (G:\Java\Shopping Website\project\MumbaiShoppers\Mshoppers_WebParent\Mshoppers_Backend\target\classes started by Clinton in G:\Java\Shopping Website\project\MumbaiShoppers\Mshoppers_WebParent\Mshoppers_Backend)
2022-08-21 12:44:52.110  INFO 2632 --- [restartedMain] c.m.admin.MshoppersBackendApplication    : No active profile set, falling back to 1 default profile: "default"
2022-08-21 12:44:52.224  INFO 2632 --- [restartedMain] .e.DevToolsPropertyDefaultsPostProcessor : Devtools property defaults active! Set 'spring.devtools.add-properties' to 'false' to disable
2022-08-21 12:44:52.225  INFO 2632 --- [restartedMain] .e.DevToolsPropertyDefaultsPostProcessor : For additional web related logging consider setting the 'logging.level.web' property to 'DEBUG'
2022-08-21 12:44:53.584  INFO 2632 --- [restartedMain] .s.d.r.c.RepositoryConfigurationDelegate : Bootstrapping Spring Data JPA repositories in DEFAULT mode.
2022-08-21 12:44:53.721  INFO 2632 --- [restartedMain] .s.d.r.c.RepositoryConfigurationDelegate : Finished Spring Data repository scanning in 113 ms. Found 2 JPA repository interfaces.
2022-08-21 12:44:55.621  INFO 2632 --- [restartedMain] o.s.b.w.embedded.tomcat.TomcatWebServer  : Tomcat initialized with port(s): 8080 (http)
2022-08-21 12:44:55.642  INFO 2632 --- [restartedMain] o.apache.catalina.core.StandardService   : Starting service [Tomcat]
2022-08-21 12:44:55.642  INFO 2632 --- [restartedMain] org.apache.catalina.core.StandardEngine  : Starting Servlet engine: [Apache Tomcat/9.0.62]
2022-08-21 12:44:55.933  INFO 2632 --- [restartedMain] o.a.c.c.C.[.[.[/MshoppersAdmin]          : Initializing Spring embedded WebApplicationContext
2022-08-21 12:44:55.937  INFO 2632 --- [restartedMain] w.s.c.ServletWebServerApplicationContext : Root WebApplicationContext: initialization completed in 3711 ms
2022-08-21 12:44:56.465  INFO 2632 --- [restartedMain] o.hibernate.jpa.internal.util.LogHelper  : HHH000204: Processing PersistenceUnitInfo [name: default]
2022-08-21 12:44:56.583  INFO 2632 --- [restartedMain] org.hibernate.Version                    : HHH000412: Hibernate ORM core version 5.6.8.Final
2022-08-21 12:44:56.951  INFO 2632 --- [restartedMain] o.hibernate.annotations.common.Version   : HCANN000001: Hibernate Commons Annotations {5.1.2.Final}
2022-08-21 12:44:57.181  INFO 2632 --- [restartedMain] com.zaxxer.hikari.HikariDataSource       : HikariPool-1 - Starting...
2022-08-21 12:44:57.796  INFO 2632 --- [restartedMain] com.zaxxer.hikari.HikariDataSource       : HikariPool-1 - Start completed.
2022-08-21 12:44:57.830  INFO 2632 --- [restartedMain] org.hibernate.dialect.Dialect            : HHH000400: Using dialect: org.hibernate.dialect.MySQL8Dialect
2022-08-21 12:44:59.331  INFO 2632 --- [restartedMain] o.h.e.t.j.p.i.JtaPlatformInitiator       : HHH000490: Using JtaPlatform implementation: [org.hibernate.engine.transaction.jta.platform.internal.NoJtaPlatform]
2022-08-21 12:44:59.346  INFO 2632 --- [restartedMain] j.LocalContainerEntityManagerFactoryBean : Initialized JPA EntityManagerFactory for persistence unit 'default'
2022-08-21 12:44:59.457  WARN 2632 --- [restartedMain] JpaBaseConfiguration$JpaWebConfiguration : spring.jpa.open-in-view is enabled by default. Therefore, database queries may be performed during view rendering. Explicitly configure spring.jpa.open-in-view to disable this warning
2022-08-21 12:45:00.810  INFO 2632 --- [restartedMain] o.s.b.a.w.s.WelcomePageHandlerMapping    : Adding welcome page template: index
2022-08-21 12:45:02.598  WARN 2632 --- [restartedMain] o.s.s.c.a.web.builders.WebSecurity       : You are asking Spring Security to ignore Ant [pattern='/images/**']. This is not recommended -- please use permitAll via HttpSecurity#authorizeHttpRequests instead.
2022-08-21 12:45:02.600  INFO 2632 --- [restartedMain] o.s.s.web.DefaultSecurityFilterChain     : Will not secure Ant [pattern='/images/**']
2022-08-21 12:45:02.601  WARN 2632 --- [restartedMain] o.s.s.c.a.web.builders.WebSecurity       : You are asking Spring Security to ignore Ant [pattern='/js/**']. This is not recommended -- please use permitAll via HttpSecurity#authorizeHttpRequests instead.
2022-08-21 12:45:02.602  INFO 2632 --- [restartedMain] o.s.s.web.DefaultSecurityFilterChain     : Will not secure Ant [pattern='/js/**']
2022-08-21 12:45:02.602  WARN 2632 --- [restartedMain] o.s.s.c.a.web.builders.WebSecurity       : You are asking Spring Security to ignore Ant [pattern='/webjars/**']. This is not recommended -- please use permitAll via HttpSecurity#authorizeHttpRequests instead.
2022-08-21 12:45:02.602  INFO 2632 --- [restartedMain] o.s.s.web.DefaultSecurityFilterChain     : Will not secure Ant [pattern='/webjars/**']
2022-08-21 12:45:02.603  WARN 2632 --- [restartedMain] o.s.s.c.a.web.builders.WebSecurity       : You are asking Spring Security to ignore Ant [pattern='/fontawesome/**']. This is not recommended -- please use permitAll via HttpSecurity#authorizeHttpRequests instead.
2022-08-21 12:45:02.603  INFO 2632 --- [restartedMain] o.s.s.web.DefaultSecurityFilterChain     : Will not secure Ant [pattern='/fontawesome/**']
2022-08-21 12:45:02.686  INFO 2632 --- [restartedMain] o.s.s.web.DefaultSecurityFilterChain     : Will secure any request with [org.springframework.security.web.context.request.async.WebAsyncManagerIntegrationFilter@2dc53fbe, org.springframework.security.web.context.SecurityContextPersistenceFilter@63606166, org.springframework.security.web.header.HeaderWriterFilter@253883d6, org.springframework.security.web.csrf.CsrfFilter@38acbdfa, org.springframework.security.web.authentication.logout.LogoutFilter@185d87b1, org.springframework.security.web.authentication.UsernamePasswordAuthenticationFilter@113358cd, org.springframework.security.web.savedrequest.RequestCacheAwareFilter@1db80161, org.springframework.security.web.servletapi.SecurityContextHolderAwareRequestFilter@17961625, org.springframework.security.web.authentication.rememberme.RememberMeAuthenticationFilter@6b8933d7, org.springframework.security.web.authentication.AnonymousAuthenticationFilter@3d53898a, org.springframework.security.web.session.SessionManagementFilter@4dcf346c, org.springframework.security.web.access.ExceptionTranslationFilter@63adafad, org.springframework.security.web.access.intercept.FilterSecurityInterceptor@371e24c1]
2022-08-21 12:45:02.776  INFO 2632 --- [restartedMain] o.s.b.d.a.OptionalLiveReloadServer       : LiveReload server is running on port 35729
2022-08-21 12:45:02.922  INFO 2632 --- [restartedMain] o.s.b.w.embedded.tomcat.TomcatWebServer  : Tomcat started on port(s): 8080 (http) with context path '/MshoppersAdmin'
2022-08-21 12:45:02.941  INFO 2632 --- [restartedMain] c.m.admin.MshoppersBackendApplication    : Started MshoppersBackendApplication in 11.667 seconds (JVM running for 13.727)
2022-08-21 12:46:00.331  INFO 2632 --- [http-nio-8080-exec-3] o.a.c.c.C.[.[.[/MshoppersAdmin]          : Initializing Spring DispatcherServlet 'dispatcherServlet'
2022-08-21 12:46:00.331  INFO 2632 --- [http-nio-8080-exec-3] o.s.web.servlet.DispatcherServlet        : Initializing Servlet 'dispatcherServlet'
2022-08-21 12:46:00.333  INFO 2632 --- [http-nio-8080-exec-3] o.s.web.servlet.DispatcherServlet        : Completed initialization in 2 ms
2022-08-21 12:46:00.651  WARN 2632 --- [http-nio-8080-exec-3] o.a.c.util.SessionIdGeneratorBase        : Creation of SecureRandom instance for session ID generation using [SHA1PRNG] took [101] milliseconds.
2022-08-21 12:46:34.454 ERROR 2632 --- [http-nio-8080-exec-9] c.m.a.user.controller.UserController     : ERROR occurred ::: METHOD name is exportToExcel ::: java.lang.NullPointerException: Cannot invoke "java.util.List.iterator()" because "users" is null
2022-08-21 13:02:12.944  INFO 2632 --- [Thread-5] j.LocalContainerEntityManagerFactoryBean : Closing JPA EntityManagerFactory for persistence unit 'default'
2022-08-21 13:02:12.953  INFO 2632 --- [Thread-5] com.zaxxer.hikari.HikariDataSource       : HikariPool-1 - Shutdown initiated...
2022-08-21 13:02:12.987  INFO 2632 --- [Thread-5] com.zaxxer.hikari.HikariDataSource       : HikariPool-1 - Shutdown completed.
